<?xml version="1.0" encoding="UTF-8"?>
<!-- Generated by org.testng.reporters.JUnitXMLReporter -->
<testsuite ignored="0" hostname="DESKTOP-6QR7E27" failures="13" tests="36" name="Test" time="35.425" errors="0" timestamp="2022-09-09T19:38:23 IST">
  <testcase classname="com.restassuredAutomation.testcases2.TC001_Get_All_Employees" name="checkContentEncoding" time="0.012"/>
  <testcase classname="com.restassuredAutomation.testcases2.TC001_Get_All_Employees" name="checkContentLength" time="0.005">
    <failure type="java.lang.NumberFormatException" message="Cannot parse null string">
      <![CDATA[java.lang.NumberFormatException: Cannot parse null string
at java.base/java.lang.Integer.parseInt(Integer.java:630)
at java.base/java.lang.Integer.parseInt(Integer.java:786)
at com.restassuredAutomation.testcases2.TC001_Get_All_Employees.checkContentLength(TC001_Get_All_Employees.java:97)
at java.base/java.util.ArrayList.forEach(ArrayList.java:1511)
... Removed 27 stack frames]]>
    </failure>
  </testcase> <!-- checkContentLength -->
  <testcase classname="com.restassuredAutomation.testcases2.TC001_Get_All_Employees" name="checkContentType" time="0.018">
    <failure type="java.lang.AssertionError" message="expected [application/json] but found [text/html; charset=UTF-8]">
      <![CDATA[java.lang.AssertionError: expected [application/json] but found [text/html; charset=UTF-8]
at com.restassuredAutomation.testcases2.TC001_Get_All_Employees.checkContentType(TC001_Get_All_Employees.java:73)
at java.base/java.util.ArrayList.forEach(ArrayList.java:1511)
... Removed 33 stack frames]]>
    </failure>
  </testcase> <!-- checkContentType -->
  <testcase classname="com.restassuredAutomation.testcases2.TC001_Get_All_Employees" name="checkCookies" time="0.003"/>
  <testcase classname="com.restassuredAutomation.testcases2.TC001_Get_All_Employees" name="checkResponseTime" time="0.006"/>
  <testcase classname="com.restassuredAutomation.testcases2.TC001_Get_All_Employees" name="checkServerType" time="0.004"/>
  <testcase classname="com.restassuredAutomation.testcases2.TC001_Get_All_Employees" name="checkStatusCode" time="0.004">
    <failure type="java.lang.AssertionError" message="expected [200] but found [429]">
      <![CDATA[java.lang.AssertionError: expected [200] but found [429]
at com.restassuredAutomation.testcases2.TC001_Get_All_Employees.checkStatusCode(TC001_Get_All_Employees.java:43)
at java.base/java.util.ArrayList.forEach(ArrayList.java:1511)
... Removed 33 stack frames]]>
    </failure>
  </testcase> <!-- checkStatusCode -->
  <testcase classname="com.restassuredAutomation.testcases2.TC001_Get_All_Employees" name="checkStatusLine" time="0.003">
    <failure type="java.lang.AssertionError" message="expected [HTTP/1.1 200 OK] but found [HTTP/1.1 429 Too Many Requests]">
      <![CDATA[java.lang.AssertionError: expected [HTTP/1.1 200 OK] but found [HTTP/1.1 429 Too Many Requests]
at com.restassuredAutomation.testcases2.TC001_Get_All_Employees.checkStatusLine(TC001_Get_All_Employees.java:65)
at java.base/java.util.ArrayList.forEach(ArrayList.java:1511)
... Removed 33 stack frames]]>
    </failure>
  </testcase> <!-- checkStatusLine -->
  <testcase classname="com.restassuredAutomation.testcases2.TC001_Get_All_Employees" name="check_responseBody" time="0.074"/>
  <testcase classname="com.restassuredAutomation.testcases2.TC002_Get_Single_Employee_Record" name="checkContentLength" time="0.004">
    <failure type="java.lang.NumberFormatException" message="Cannot parse null string">
      <![CDATA[java.lang.NumberFormatException: Cannot parse null string
at java.base/java.lang.Integer.parseInt(Integer.java:630)
at java.base/java.lang.Integer.parseInt(Integer.java:786)
at com.restassuredAutomation.testcases2.TC002_Get_Single_Employee_Record.checkContentLength(TC002_Get_Single_Employee_Record.java:71)
at java.base/java.util.ArrayList.forEach(ArrayList.java:1511)
... Removed 27 stack frames]]>
    </failure>
  </testcase> <!-- checkContentLength -->
  <testcase classname="com.restassuredAutomation.testcases2.TC002_Get_Single_Employee_Record" name="checkContentType" time="0.004">
    <failure type="java.lang.AssertionError" message="expected [application/json] but found [text/html; charset=UTF-8]">
      <![CDATA[java.lang.AssertionError: expected [application/json] but found [text/html; charset=UTF-8]
at com.restassuredAutomation.testcases2.TC002_Get_Single_Employee_Record.checkContentType(TC002_Get_Single_Employee_Record.java:57)
at java.base/java.util.ArrayList.forEach(ArrayList.java:1511)
... Removed 33 stack frames]]>
    </failure>
  </testcase> <!-- checkContentType -->
  <testcase classname="com.restassuredAutomation.testcases2.TC002_Get_Single_Employee_Record" name="checkResponseTime" time="0.002"/>
  <testcase classname="com.restassuredAutomation.testcases2.TC002_Get_Single_Employee_Record" name="checkServerType" time="0.003"/>
  <testcase classname="com.restassuredAutomation.testcases2.TC002_Get_Single_Employee_Record" name="checkStatusCode" time="0.009">
    <failure type="java.lang.AssertionError" message="expected [200] but found [429]">
      <![CDATA[java.lang.AssertionError: expected [200] but found [429]
at com.restassuredAutomation.testcases2.TC002_Get_Single_Employee_Record.checkStatusCode(TC002_Get_Single_Employee_Record.java:42)
at java.base/java.util.ArrayList.forEach(ArrayList.java:1511)
... Removed 33 stack frames]]>
    </failure>
  </testcase> <!-- checkStatusCode -->
  <testcase classname="com.restassuredAutomation.testcases2.TC002_Get_Single_Employee_Record" name="check_responseBody" time="0.005"/>
  <testcase classname="com.restassuredAutomation.testcases2.TC003_POST_Employee_Record" name="checkContentLength" time="0.004">
    <failure type="java.lang.NumberFormatException" message="Cannot parse null string">
      <![CDATA[java.lang.NumberFormatException: Cannot parse null string
at java.base/java.lang.Integer.parseInt(Integer.java:630)
at java.base/java.lang.Integer.parseInt(Integer.java:786)
at com.restassuredAutomation.testcases2.TC003_POST_Employee_Record.checkContentLength(TC003_POST_Employee_Record.java:98)
at java.base/java.util.ArrayList.forEach(ArrayList.java:1511)
... Removed 27 stack frames]]>
    </failure>
  </testcase> <!-- checkContentLength -->
  <testcase classname="com.restassuredAutomation.testcases2.TC003_POST_Employee_Record" name="checkContentType" time="0.005">
    <failure type="java.lang.AssertionError" message="expected [application/json] but found [text/html; charset=UTF-8]">
      <![CDATA[java.lang.AssertionError: expected [application/json] but found [text/html; charset=UTF-8]
at com.restassuredAutomation.testcases2.TC003_POST_Employee_Record.checkContentType(TC003_POST_Employee_Record.java:84)
at java.base/java.util.ArrayList.forEach(ArrayList.java:1511)
... Removed 33 stack frames]]>
    </failure>
  </testcase> <!-- checkContentType -->
  <testcase classname="com.restassuredAutomation.testcases2.TC003_POST_Employee_Record" name="checkResponseTime" time="0.004"/>
  <testcase classname="com.restassuredAutomation.testcases2.TC003_POST_Employee_Record" name="checkServerType" time="0.003"/>
  <testcase classname="com.restassuredAutomation.testcases2.TC003_POST_Employee_Record" name="checkStatusCode" time="0.002">
    <failure type="java.lang.AssertionError" message="expected [200] but found [429]">
      <![CDATA[java.lang.AssertionError: expected [200] but found [429]
at com.restassuredAutomation.testcases2.TC003_POST_Employee_Record.checkStatusCode(TC003_POST_Employee_Record.java:63)
at java.base/java.util.ArrayList.forEach(ArrayList.java:1511)
... Removed 33 stack frames]]>
    </failure>
  </testcase> <!-- checkStatusCode -->
  <testcase classname="com.restassuredAutomation.testcases2.TC003_POST_Employee_Record" name="checkStatusLine" time="0.012">
    <failure type="java.lang.AssertionError" message="expected [HTTP/1.1 200 OK] but found [HTTP/1.1 429 Too Many Requests]">
      <![CDATA[java.lang.AssertionError: expected [HTTP/1.1 200 OK] but found [HTTP/1.1 429 Too Many Requests]
at com.restassuredAutomation.testcases2.TC003_POST_Employee_Record.checkStatusLine(TC003_POST_Employee_Record.java:70)
at java.base/java.util.ArrayList.forEach(ArrayList.java:1511)
... Removed 33 stack frames]]>
    </failure>
  </testcase> <!-- checkStatusLine -->
  <testcase classname="com.restassuredAutomation.testcases2.TC003_POST_Employee_Record" name="check_responseBody" time="0.008">
    <failure type="java.lang.AssertionError" message="expected [true] but found [false]">
      <![CDATA[java.lang.AssertionError: expected [true] but found [false]
at com.restassuredAutomation.testcases2.TC003_POST_Employee_Record.check_responseBody(TC003_POST_Employee_Record.java:54)
at java.base/java.util.ArrayList.forEach(ArrayList.java:1511)
... Removed 31 stack frames]]>
    </failure>
  </testcase> <!-- check_responseBody -->
  <testcase classname="com.restassuredAutomation.testcases2.TC004_PUT_Employee_Record" name="checkContentLength" time="0.002"/>
  <testcase classname="com.restassuredAutomation.testcases2.TC004_PUT_Employee_Record" name="checkContentType" time="0.001"/>
  <testcase classname="com.restassuredAutomation.testcases2.TC004_PUT_Employee_Record" name="checkResponseTime" time="0.001"/>
  <testcase classname="com.restassuredAutomation.testcases2.TC004_PUT_Employee_Record" name="checkServerType" time="0.002"/>
  <testcase classname="com.restassuredAutomation.testcases2.TC004_PUT_Employee_Record" name="checkStatusCode" time="0.002"/>
  <testcase classname="com.restassuredAutomation.testcases2.TC004_PUT_Employee_Record" name="checkStatusLine" time="0.001"/>
  <testcase classname="com.restassuredAutomation.testcases2.TC004_PUT_Employee_Record" name="check_responseBody" time="0.006"/>
  <testcase classname="com.restassuredAutomation.testcases2.TC005_Delete_Employee_Record" name="checkContentLength" time="0.002">
    <failure type="java.lang.AssertionError" message="expected [true] but found [false]">
      <![CDATA[java.lang.AssertionError: expected [true] but found [false]
at com.restassuredAutomation.testcases2.TC005_Delete_Employee_Record.checkContentLength(TC005_Delete_Employee_Record.java:95)
at java.base/java.util.ArrayList.forEach(ArrayList.java:1511)
... Removed 31 stack frames]]>
    </failure>
  </testcase> <!-- checkContentLength -->
  <testcase classname="com.restassuredAutomation.testcases2.TC005_Delete_Employee_Record" name="checkContentType" time="0.003"/>
  <testcase classname="com.restassuredAutomation.testcases2.TC005_Delete_Employee_Record" name="checkResponseTime" time="0.003"/>
  <testcase classname="com.restassuredAutomation.testcases2.TC005_Delete_Employee_Record" name="checkServerType" time="0.003"/>
  <testcase classname="com.restassuredAutomation.testcases2.TC005_Delete_Employee_Record" name="checkStatusCode" time="0.004"/>
  <testcase classname="com.restassuredAutomation.testcases2.TC005_Delete_Employee_Record" name="checkStatusLine" time="0.001"/>
  <testcase classname="com.restassuredAutomation.testcases2.TC005_Delete_Employee_Record" name="check_responseBody" time="0.004"/>
</testsuite> <!-- Test -->
